<?xml version="1.0" encoding="UTF-8"?>
<testng-results skipped="0" failed="0" ignored="0" total="1" passed="1">
  <reporter-output>
  </reporter-output>
  <suite name="Default suite" duration-ms="31366" started-at="2021-03-14T04:30:20Z" finished-at="2021-03-14T04:30:51Z">
    <groups>
    </groups>
    <test name="Default test" duration-ms="31366" started-at="2021-03-14T04:30:20Z" finished-at="2021-03-14T04:30:51Z">
      <class name="com.Amazon.Tests.Pearson">
        <test-method status="PASS" signature="pearson()[pri:0, instance:com.Amazon.Tests.Pearson@7d9d1a19]" name="pearson" duration-ms="31311" started-at="2021-03-14T04:30:20Z" finished-at="2021-03-14T04:30:51Z">
          <reporter-output>
          </reporter-output>
        </test-method> <!-- pearson -->
      </class> <!-- com.Amazon.Tests.Pearson -->
    </test> <!-- Default test -->
  </suite> <!-- Default suite -->
</testng-results>
